0 verbose cli [
0 verbose cli   'C:\\Program Files\\nodejs\\node.exe',
0 verbose cli   'C:\\Program Files\\nodejs\\node_modules\\npm\\bin\\npm-cli.js',
0 verbose cli   'exec',
0 verbose cli   '--',
0 verbose cli   'vue-cli-service',
0 verbose cli   'build'
0 verbose cli ]
1 info using npm@8.3.1
2 info using node@v16.14.0
3 timing npm:load:whichnode Completed in 1ms
4 timing config:load:defaults Completed in 1ms
5 timing config:load:file:C:\Program Files\nodejs\node_modules\npm\npmrc Completed in 2ms
6 timing config:load:builtin Completed in 2ms
7 timing config:load:cli Completed in 1ms
8 timing config:load:env Completed in 1ms
9 timing config:load:file:Z:\Documents - Hard Drive\.npmrc Completed in 0ms
10 timing config:load:project Completed in 2ms
11 timing config:load:file:C:\Users\Elijah Bailey\.npmrc Completed in 1ms
12 timing config:load:user Completed in 1ms
13 timing config:load:file:Z:\Documents\etc\npmrc Completed in 0ms
14 timing config:load:global Completed in 0ms
15 timing config:load:validate Completed in 1ms
16 timing config:load:credentials Completed in 1ms
17 timing config:load:setEnvs Completed in 0ms
18 timing config:load Completed in 10ms
19 timing npm:load:configload Completed in 10ms
20 timing npm:load:setTitle Completed in 1ms
21 timing config:load:flatten Completed in 2ms
22 timing npm:load:display Completed in 3ms
23 verbose logfile Z:\Documents - Hard Drive\Projects\Learning_Vue\_logs\2022-02-19T16_33_33_715Z-debug-0.log
24 timing npm:load:logFile Completed in 5ms
25 timing npm:load:timers Completed in 0ms
26 timing npm:load:configScope Completed in 0ms
27 timing npm:load Completed in 20ms
28 http fetch GET 404 https://registry.npmjs.org/vue-cli-service 441ms (cache skip)
29 http fetch GET 404 https://registry.npmjs.org/vue-cli-service 400ms (cache skip)
30 timing command:exec Completed in 865ms
31 notice
31 notice New [33mminor[39m version of npm available! [31m8.3.1[39m -> [32m8.5.1[39m
31 notice Changelog: [36mhttps://github.com/npm/cli/releases/tag/v8.5.1[39m
31 notice Run [32mnpm install -g npm@8.5.1[39m to update!
31 notice
32 verbose stack HttpErrorGeneral: 404 Not Found - GET https://registry.npmjs.org/vue-cli-service - Not found
32 verbose stack     at C:\Program Files\nodejs\node_modules\npm\node_modules\npm-registry-fetch\check-response.js:95:15
32 verbose stack     at processTicksAndRejections (node:internal/process/task_queues:96:5)
32 verbose stack     at async C:\Program Files\nodejs\node_modules\npm\node_modules\libnpmexec\lib\index.js:108:12
32 verbose stack     at async Promise.all (index 0)
32 verbose stack     at async exec (C:\Program Files\nodejs\node_modules\npm\node_modules\libnpmexec\lib\index.js:96:17)
32 verbose stack     at async module.exports (C:\Program Files\nodejs\node_modules\npm\lib\cli.js:66:5)
33 verbose statusCode 404
34 verbose pkgid vue-cli-service@latest
35 verbose cwd Z:\Documents - Hard Drive\Projects\Learning_Vue
36 verbose Windows_NT 10.0.19042
37 verbose argv "C:\\Program Files\\nodejs\\node.exe" "C:\\Program Files\\nodejs\\node_modules\\npm\\bin\\npm-cli.js" "exec" "--" "vue-cli-service" "build"
38 verbose node v16.14.0
39 verbose npm  v8.3.1
40 error code E404
41 error 404 Not Found - GET https://registry.npmjs.org/vue-cli-service - Not found
42 error 404
43 error 404  'vue-cli-service@latest' is not in this registry.
44 error 404 You should bug the author to publish it (or use the name yourself!)
45 error 404
45 error 404 Note that you can also install from a
46 error 404 tarball, folder, http url, or git url.
47 verbose exit 1
48 timing npm Completed in 1188ms
49 verbose code 1
50 error A complete log of this run can be found in:
50 error     Z:\Documents - Hard Drive\Projects\Learning_Vue\_logs\2022-02-19T16_33_33_715Z-debug-0.log
