0 verbose cli [
0 verbose cli   'C:\\Program Files\\nodejs\\node.exe',
0 verbose cli   'C:\\Program Files\\nodejs\\node_modules\\npm\\bin\\npm-cli.js',
0 verbose cli   'run',
0 verbose cli   'serve'
0 verbose cli ]
1 info using npm@8.3.1
2 info using node@v16.14.0
3 timing npm:load:whichnode Completed in 1ms
4 timing config:load:defaults Completed in 1ms
5 timing config:load:file:C:\Program Files\nodejs\node_modules\npm\npmrc Completed in 2ms
6 timing config:load:builtin Completed in 2ms
7 timing config:load:cli Completed in 1ms
8 timing config:load:env Completed in 1ms
9 timing config:load:file:Z:\Documents - Hard Drive\.npmrc Completed in 1ms
10 timing config:load:project Completed in 1ms
11 timing config:load:file:C:\Users\Elijah Bailey\.npmrc Completed in 0ms
12 timing config:load:user Completed in 0ms
13 timing config:load:file:Z:\Documents\etc\npmrc Completed in 0ms
14 timing config:load:global Completed in 0ms
15 timing config:load:validate Completed in 0ms
16 timing config:load:credentials Completed in 1ms
17 timing config:load:setEnvs Completed in 1ms
18 timing config:load Completed in 9ms
19 timing npm:load:configload Completed in 9ms
20 timing npm:load:setTitle Completed in 0ms
21 timing config:load:flatten Completed in 2ms
22 timing npm:load:display Completed in 3ms
23 verbose logfile Z:\Documents - Hard Drive\Projects\Learning_Vue\_logs\2022-02-19T16_26_43_637Z-debug-0.log
24 timing npm:load:logFile Completed in 26ms
25 timing npm:load:timers Completed in 0ms
26 timing npm:load:configScope Completed in 0ms
27 timing npm:load Completed in 40ms
28 timing command:run Completed in 8ms
29 verbose stack Error: ENOENT: no such file or directory, open 'Z:\Documents - Hard Drive\package.json'
30 verbose cwd Z:\Documents - Hard Drive\Projects\Learning_Vue
31 verbose Windows_NT 10.0.19042
32 verbose argv "C:\\Program Files\\nodejs\\node.exe" "C:\\Program Files\\nodejs\\node_modules\\npm\\bin\\npm-cli.js" "run" "serve"
33 verbose node v16.14.0
34 verbose npm  v8.3.1
35 error code ENOENT
36 error syscall open
37 error path Z:\Documents - Hard Drive/package.json
38 error errno -4058
39 error enoent ENOENT: no such file or directory, open 'Z:\Documents - Hard Drive\package.json'
40 error enoent This is related to npm not being able to find a file.
40 error enoent
41 verbose exit -4058
42 timing npm Completed in 272ms
43 verbose code -4058
44 error A complete log of this run can be found in:
44 error     Z:\Documents - Hard Drive\Projects\Learning_Vue\_logs\2022-02-19T16_26_43_637Z-debug-0.log
